<?xml version="1.0" encoding="UTF-8"?>
<!-- Generated by org.testng.reporters.JUnitReportReporter -->
<testsuite hostname="DESKTOP-UD0VP2U" failures="0" tests="1" name="genericUtilities.ExcelReaderUtilities" time="1.122" errors="0" timestamp="2025-06-12T19:07:26 IST" skipped="0">
  <testcase classname="genericUtilities.ExcelReaderUtilities" name="readExcelFile" time="1.122"/>
  <system-out/>
</testsuite> <!-- genericUtilities.ExcelReaderUtilities -->
