<?xml version="1.0" encoding="UTF-8"?>
<!-- Generated by org.testng.reporters.JUnitReportReporter -->
<testsuite hostname="DESKTOP-UD0VP2U" failures="0" tests="1" name="tutorialsNinjaRegister.TC_RF_007" time="6.194" errors="0" timestamp="2025-05-23T13:17:19 IST" skipped="0">
  <testcase classname="tutorialsNinjaRegister.TC_RF_007" name="verifyNavigatingToRegisterAccountUsingMultipleWay" time="6.194"/>
</testsuite> <!-- tutorialsNinjaRegister.TC_RF_007 -->
