<?xml version="1.0" encoding="UTF-8"?>
<!-- Generated by org.testng.reporters.JUnitReportReporter -->
<testsuite hostname="DESKTOP-UD0VP2U" failures="0" tests="1" name="genericUtilities.ExcelReaderUtilitiesQaFox" time="1.080" errors="0" timestamp="2025-06-12T20:33:02 IST" skipped="0">
  <testcase classname="genericUtilities.ExcelReaderUtilitiesQaFox" name="readExcelFile" time="1.080"/>
  <system-out/>
</testsuite> <!-- genericUtilities.ExcelReaderUtilitiesQaFox -->
