<?xml version="1.0" encoding="UTF-8"?>
<!-- Generated by org.testng.reporters.JUnitReportReporter -->
<testsuite hostname="DESKTOP-UD0VP2U" failures="0" tests="1" name="tutorialsNinjaRegister.TC_RF_002" time="7.511" errors="0" timestamp="2025-06-01T13:06:40 IST" skipped="0">
  <testcase classname="tutorialsNinjaRegister.TC_RF_002" name="verifyConfirmationEmail" time="7.511"/>
</testsuite> <!-- tutorialsNinjaRegister.TC_RF_002 -->
