<?xml version="1.0" encoding="UTF-8"?>
<!-- Generated by org.testng.reporters.JUnitReportReporter -->
<testsuite hostname="DESKTOP-UD0VP2U" failures="0" tests="1" name="tutorialsNinjaRegister.TC_RF_002" time="7.177" errors="0" timestamp="2025-05-23T11:23:00 IST" skipped="0">
  <testcase classname="tutorialsNinjaRegister.TC_RF_002" name="verifyConfirmationEmail" time="7.177"/>
</testsuite> <!-- tutorialsNinjaRegister.TC_RF_002 -->
