<?xml version="1.0" encoding="UTF-8"?>
<!-- Generated by org.testng.reporters.JUnitReportReporter -->
<testsuite hostname="DESKTOP-UD0VP2U" failures="0" tests="1" name="practice" time="5.858" errors="0" timestamp="2025-06-11T11:17:06 IST" skipped="0">
  <testcase classname="practice" name="test" time="5.858"/>
  <system-out/>
</testsuite> <!-- practice -->
