<?xml version="1.0" encoding="UTF-8"?>
<!-- Generated by org.testng.reporters.JUnitReportReporter -->
<testsuite hostname="DESKTOP-UD0VP2U" failures="0" tests="1" name="tutorialsNinjaAllTestCases.LoginAllTest" time="8.174" errors="0" timestamp="2025-06-17T15:39:47 IST" skipped="0">
  <testcase classname="tutorialsNinjaAllTestCases.LoginAllTest" name="verifyForgottenPasswordOptionIsAvailable" time="8.174"/>
  <system-out/>
</testsuite> <!-- tutorialsNinjaAllTestCases.LoginAllTest -->
