<?xml version="1.0" encoding="UTF-8"?>
<!-- Generated by org.testng.reporters.JUnitReportReporter -->
<testsuite hostname="DESKTOP-UD0VP2U" failures="0" tests="1" name="genericUtilities.ExcelReaderUtilitiesUsingIteratorQaFox2" time="1.098" errors="0" timestamp="2025-06-12T20:33:20 IST" skipped="0">
  <testcase classname="genericUtilities.ExcelReaderUtilitiesUsingIteratorQaFox2" name="readExcelFile" time="1.098"/>
  <system-out/>
</testsuite> <!-- genericUtilities.ExcelReaderUtilitiesUsingIteratorQaFox2 -->
