<?xml version="1.0" encoding="UTF-8"?>
<!-- Generated by org.testng.reporters.JUnitReportReporter -->
<testsuite hostname="DESKTOP-UD0VP2U" failures="0" tests="1" name="tutorialsNinjaAllTestCases.RegisteAllTest" time="11.131" errors="0" timestamp="2025-05-26T12:45:21 IST" skipped="0">
  <testcase classname="tutorialsNinjaAllTestCases.RegisteAllTest" name="verifyRegisteringAccountByProvidingExistingAcountDetails" time="11.131"/>
</testsuite> <!-- tutorialsNinjaAllTestCases.RegisteAllTest -->
