<?xml version="1.0" encoding="UTF-8"?>
<!-- Generated by org.testng.reporters.JUnitReportReporter -->
<testsuite hostname="DESKTOP-UD0VP2U" failures="0" tests="1" name="dataDrivenTestingExcel.ExcelReader" time="1.191" errors="0" timestamp="2025-06-06T15:23:52 IST" skipped="0">
  <testcase classname="dataDrivenTestingExcel.ExcelReader" name="readExcelFile" time="1.191"/>
</testsuite> <!-- dataDrivenTestingExcel.ExcelReader -->
