<?xml version="1.0" encoding="UTF-8"?>
<!-- Generated by org.testng.reporters.JUnitReportReporter -->
<testsuite hostname="DESKTOP-UD0VP2U" failures="0" tests="1" name="tutorialsNinjaRegister.TC_RF_003" time="6.712" errors="0" timestamp="2025-05-23T11:23:53 IST" skipped="0">
  <testcase classname="tutorialsNinjaRegister.TC_RF_003" name="verifyRegistringAccountWithoutFillAnyFields" time="6.712"/>
</testsuite> <!-- tutorialsNinjaRegister.TC_RF_003 -->
