<?xml version="1.0" encoding="UTF-8"?>
<!-- Generated by org.testng.reporters.JUnitReportReporter -->
<testsuite hostname="DESKTOP-UD0VP2U" failures="0" tests="1" name="tutorialsNinjaAllTestCases.RegisteAllTest" time="7.754" errors="0" timestamp="2025-06-08T11:52:49 IST" skipped="0">
  <testcase classname="tutorialsNinjaAllTestCases.RegisteAllTest" name="validateDifferentWysOfNavigatingToRegisterAccountPage" time="7.754"/>
  <system-out/>
</testsuite> <!-- tutorialsNinjaAllTestCases.RegisteAllTest -->
