<?xml version="1.0" encoding="UTF-8"?>
<!-- Generated by org.testng.reporters.JUnitReportReporter -->
<testsuite hostname="DESKTOP-UD0VP2U" failures="0" tests="1" name="tutorialsNinjaAllTestCases.RegisteAllTest" time="14.120" errors="0" timestamp="2025-05-23T20:49:19 IST" skipped="0">
  <testcase classname="tutorialsNinjaAllTestCases.RegisteAllTest" name="verifyRegisteringAccountByProvidingMismatchingPasswords" time="14.120"/>
</testsuite> <!-- tutorialsNinjaAllTestCases.RegisteAllTest -->
