<?xml version="1.0" encoding="UTF-8"?>
<!-- Generated by org.testng.reporters.JUnitReportReporter -->
<testsuite hostname="DESKTOP-UD0VP2U" failures="0" tests="1" name="tutorialsNinjaAllTestCases.RegisteAllTest" time="13.005" errors="0" timestamp="2025-05-24T22:21:59 IST" skipped="0">
  <testcase classname="tutorialsNinjaAllTestCases.RegisteAllTest" name="verifyRegisteringAccountByProvidingMismatchingPasswords" time="13.005"/>
</testsuite> <!-- tutorialsNinjaAllTestCases.RegisteAllTest -->
